# JRE version: OpenJDK Runtime Environment Temurin-17.0.6+10 (17.0.6+10) (build 17.0.6+10)
# Java VM: OpenJDK 64-Bit Server VM Temurin-17.0.6+10 (17.0.6+10, mixed mode, emulated-client, tiered, compressed oops, compressed class ptrs, g1 gc, windows-amd64)
GC Precious Log:
 CPUs: 4 total, 4 available
 Memory: 8075M
 Large Page Support: Disabled
 NUMA Support: Disabled
 Compressed Oops: Enabled (32-bit)
 Heap Region Size: 1M
 Heap Min Capacity: 8M
 Heap Initial Capacity: 128M
 Heap Max Capacity: 2020M
 Pre-touch: Disabled
 Parallel Workers: 4
 Concurrent Workers: 1
 Concurrent Refinement Workers: 4
 Periodic GC: Disabled
Heap:
 garbage-first heap   total 181248K, used 126933K [0x0000000081c00000, 0x0000000100000000)
  region size 1024K, 73 young (74752K), 3 survivors (3072K)
 Metaspace       used 88182K, committed 89024K, reserved 1130496K
  class space    used 12106K, committed 12480K, reserved 1048576K
GC Heap History (20 events):
Event: 611.922 GC heap before
{Heap before GC invocations=81 (full 0):
 garbage-first heap   total 194560K, used 166091K [0x0000000081c00000, 0x0000000100000000)
  region size 1024K, 110 young (112640K), 2 survivors (2048K)
 Metaspace       used 87512K, committed 88256K, reserved 1130496K
  class space    used 11986K, committed 12352K, reserved 1048576K
}
Event: 611.927 GC heap after
{Heap after GC invocations=82 (full 0):
 garbage-first heap   total 194560K, used 56857K [0x0000000081c00000, 0x0000000100000000)
  region size 1024K, 3 young (3072K), 3 survivors (3072K)
 Metaspace       used 87512K, committed 88256K, reserved 1130496K
  class space    used 11986K, committed 12352K, reserved 1048576K
}
Event: 638.416 GC heap before
{Heap before GC invocations=83 (full 0):
 garbage-first heap   total 194560K, used 167449K [0x0000000081c00000, 0x0000000100000000)
  region size 1024K, 111 young (113664K), 3 survivors (3072K)
 Metaspace       used 87522K, committed 88256K, reserved 1130496K
  class space    used 11988K, committed 12352K, reserved 1048576K
}
Event: 638.431 GC heap after
{Heap after GC invocations=84 (full 0):
 garbage-first heap   total 194560K, used 58364K [0x0000000081c00000, 0x0000000100000000)
  region size 1024K, 5 young (5120K), 5 survivors (5120K)
 Metaspace       used 87522K, committed 88256K, reserved 1130496K
  class space    used 11988K, committed 12352K, reserved 1048576K
}
Event: 639.650 GC heap before
{Heap before GC invocations=84 (full 0):
 garbage-first heap   total 194560K, used 62460K [0x0000000081c00000, 0x0000000100000000)
  region size 1024K, 9 young (9216K), 5 survivors (5120K)
 Metaspace       used 87522K, committed 88256K, reserved 1130496K
  class space    used 11988K, committed 12352K, reserved 1048576K
}
Event: 639.659 GC heap after
{Heap after GC invocations=85 (full 0):
 garbage-first heap   total 194560K, used 55681K [0x0000000081c00000, 0x0000000100000000)
  region size 1024K, 2 young (2048K), 2 survivors (2048K)
 Metaspace       used 87522K, committed 88256K, reserved 1130496K
  class space    used 11988K, committed 12352K, reserved 1048576K
}
Event: 662.788 GC heap before
{Heap before GC invocations=85 (full 0):
 garbage-first heap   total 194560K, used 164225K [0x0000000081c00000, 0x0000000100000000)
  region size 1024K, 109 young (111616K), 2 survivors (2048K)
 Metaspace       used 87615K, committed 88384K, reserved 1130496K
  class space    used 11997K, committed 12352K, reserved 1048576K
}
Event: 662.793 GC heap after
{Heap after GC invocations=86 (full 0):
 garbage-first heap   total 194560K, used 57365K [0x0000000081c00000, 0x0000000100000000)
  region size 1024K, 3 young (3072K), 3 survivors (3072K)
 Metaspace       used 87615K, committed 88384K, reserved 1130496K
  class space    used 11997K, committed 12352K, reserved 1048576K
}
Event: 688.017 GC heap before
{Heap before GC invocations=87 (full 0):
 garbage-first heap   total 194560K, used 164885K [0x0000000081c00000, 0x0000000100000000)
  region size 1024K, 109 young (111616K), 3 survivors (3072K)
 Metaspace       used 87615K, committed 88384K, reserved 1130496K
  class space    used 11997K, committed 12352K, reserved 1048576K
}
Event: 688.032 GC heap after
{Heap after GC invocations=88 (full 0):
 garbage-first heap   total 194560K, used 57106K [0x0000000081c00000, 0x0000000100000000)
  region size 1024K, 4 young (4096K), 4 survivors (4096K)
 Metaspace       used 87615K, committed 88384K, reserved 1130496K
  class space    used 11997K, committed 12352K, reserved 1048576K
}
Event: 689.728 GC heap before
{Heap before GC invocations=88 (full 0):
 garbage-first heap   total 194560K, used 62226K [0x0000000081c00000, 0x0000000100000000)
  region size 1024K, 9 young (9216K), 4 survivors (4096K)
 Metaspace       used 87615K, committed 88384K, reserved 1130496K
  class space    used 11997K, committed 12352K, reserved 1048576K
}
Event: 689.733 GC heap after
{Heap after GC invocations=89 (full 0):
 garbage-first heap   total 194560K, used 53378K [0x0000000081c00000, 0x0000000100000000)
  region size 1024K, 2 young (2048K), 2 survivors (2048K)
 Metaspace       used 87615K, committed 88384K, reserved 1130496K
  class space    used 11997K, committed 12352K, reserved 1048576K
}
Event: 716.350 GC heap before
{Heap before GC invocations=89 (full 0):
 garbage-first heap   total 194560K, used 166018K [0x0000000081c00000, 0x0000000100000000)
  region size 1024K, 112 young (114688K), 2 survivors (2048K)
 Metaspace       used 87924K, committed 88704K, reserved 1130496K
  class space    used 12049K, committed 12416K, reserved 1048576K
}
Event: 716.354 GC heap after
{Heap after GC invocations=90 (full 0):
 garbage-first heap   total 194560K, used 53043K [0x0000000081c00000, 0x0000000100000000)
  region size 1024K, 1 young (1024K), 1 survivors (1024K)
 Metaspace       used 87924K, committed 88704K, reserved 1130496K
  class space    used 12049K, committed 12416K, reserved 1048576K
}
Event: 742.629 GC heap before
{Heap before GC invocations=91 (full 0):
 garbage-first heap   total 181248K, used 166707K [0x0000000081c00000, 0x0000000100000000)
  region size 1024K, 113 young (115712K), 1 survivors (1024K)
 Metaspace       used 87928K, committed 88704K, reserved 1130496K
  class space    used 12050K, committed 12416K, reserved 1048576K
}
Event: 742.635 GC heap after
{Heap after GC invocations=92 (full 0):
 garbage-first heap   total 181248K, used 53923K [0x0000000081c00000, 0x0000000100000000)
  region size 1024K, 2 young (2048K), 2 survivors (2048K)
 Metaspace       used 87928K, committed 88704K, reserved 1130496K
  class space    used 12050K, committed 12416K, reserved 1048576K
}
Event: 743.915 GC heap before
{Heap before GC invocations=92 (full 0):
 garbage-first heap   total 181248K, used 60067K [0x0000000081c00000, 0x0000000100000000)
  region size 1024K, 8 young (8192K), 2 survivors (2048K)
 Metaspace       used 87928K, committed 88704K, reserved 1130496K
  class space    used 12050K, committed 12416K, reserved 1048576K
}
Event: 743.935 GC heap after
{Heap after GC invocations=93 (full 0):
 garbage-first heap   total 181248K, used 54418K [0x0000000081c00000, 0x0000000100000000)
  region size 1024K, 1 young (1024K), 1 survivors (1024K)
 Metaspace       used 87928K, committed 88704K, reserved 1130496K
  class space    used 12050K, committed 12416K, reserved 1048576K
}
Event: 767.782 GC heap before
{Heap before GC invocations=93 (full 0):
 garbage-first heap   total 181248K, used 154770K [0x0000000081c00000, 0x0000000100000000)
  region size 1024K, 99 young (101376K), 1 survivors (1024K)
 Metaspace       used 88049K, committed 88832K, reserved 1130496K
  class space    used 12071K, committed 12416K, reserved 1048576K
}
Event: 767.788 GC heap after
{Heap after GC invocations=94 (full 0):
 garbage-first heap   total 181248K, used 56277K [0x0000000081c00000, 0x0000000100000000)
  region size 1024K, 3 young (3072K), 3 survivors (3072K)
 Metaspace       used 88049K, committed 88832K, reserved 1130496K
  class space    used 12071K, committed 12416K, reserved 1048576K
}

